#
# A fatal error has been detected by the Java Runtime Environment:
#
#  EXCEPTION_ACCESS_VIOLATION (0xc0000005) at pc=0x00007ffea73ff5b3, pid=19640, tid=0x0000000000002640
#
# JRE version: Java(TM) SE Runtime Environment (8.0_111-b14) (build 1.8.0_111-b14)
# Java VM: Java HotSpot(TM) 64-Bit Server VM (25.111-b14 mixed mode windows-amd64 compressed oops)
# Problematic frame:
# C  [ig9icd64.dll+0x22f5b3]
#
# Failed to write core dump. Minidumps are not enabled by default on client versions of Windows
#
# If you would like to submit a bug report, please visit:
#   http://bugreport.java.com/bugreport/crash.jsp
# The crash happened outside the Java Virtual Machine in native code.
# See problematic frame for where to report the bug.
#

---------------  T H R E A D  ---------------

Current thread (0x0000000002410800):  JavaThread "main" [_thread_in_native, id=9792, stack(0x00000000022b0000,0x00000000023b0000)]

siginfo: ExceptionCode=0xc0000005, reading address 0x0000000000000028

Registers:
RAX=0x00000000005ff950, RBX=0x0000000019150080, RCX=0x0000000000000300, RDX=0x000000001b46f950
RSP=0x00000000023ab7d0, RBP=0x00000000023ab8d0, RSI=0x000000001b470530, RDI=0x0000000000000000
R8 =0x0000000000000010, R9 =0x000000001923b200, R10=0x0000000000000000, R11=0x000000001f666b60
R12=0x000000001b46fdf8, R13=0x00000000023acdd0, R14=0x0000000000000000, R15=0x00000000005ffa30
RIP=0x00007ffea73ff5b3, EFLAGS=0x0000000000010206

Top of Stack: (sp=0x00000000023ab7d0)
0x00000000023ab7d0:   0000000000001110 00000000001d0cc0
0x00000000023ab7e0:   000000000000001c 00000000001d0428
0x00000000023ab7f0:   0000000000000000 0000000000001018
0x00000000023ab800:   0000000000000000 0000000000010000
0x00000000023ab810:   0000000000000000 00000000005ffa30
0x00000000023ab820:   0000000000000000 00000000023ab940
0x00000000023ab830:   0000000000000010 000000001f666b60
0x00000000023ab840:   ffffffff00000000 000000001b896644
0x00000000023ab850:   000000001b896660 6d656c6500000000
0x00000000023ab860:   7820343cffffffff 203e74616f6c6620
0x00000000023ab870:   0000000000000000 00007ffef133714b
0x00000000023ab880:   0000000000002801 000000001f640000
0x00000000023ab890:   202020320000001c 0a2020206a00006a
0x00000000023ab8a0:   00000000023acdd0 69203d2061626772
0x00000000023ab8b0:   000000001b46fdf8 00007ffef1337049
0x00000000023ab8c0:   000000001923b270 0000000000000000 

Instructions: (pc=0x00007ffea73ff5b3)
0x00007ffea73ff593:   b8 20 41 89 4d 0c e9 9c 00 00 00 44 39 70 08 74
0x00007ffea73ff5a3:   55 4c 8d b8 e0 00 00 00 4c 89 7c 24 48 49 8b 3f
0x00007ffea73ff5b3:   48 8b 4f 28 48 8b 49 20 48 8b 49 08 e8 7c 99 38
0x00007ffea73ff5c3:   00 41 89 45 08 8b 47 08 03 46 08 41 89 45 0c 48 


Register to memory mapping:

RAX=0x00000000005ff950 is an unknown value
RBX=0x0000000019150080 is an unknown value
RCX=0x0000000000000300 is an unknown value
RDX=0x000000001b46f950 is an unknown value
RSP=0x00000000023ab7d0 is pointing into the stack for thread: 0x0000000002410800
RBP=0x00000000023ab8d0 is pointing into the stack for thread: 0x0000000002410800
RSI=0x000000001b470530 is an unknown value
RDI=0x0000000000000000 is an unknown value
R8 =0x0000000000000010 is an unknown value
R9 =0x000000001923b200 is an unknown value
R10=0x0000000000000000 is an unknown value
R11=0x000000001f666b60 is an unknown value
R12=0x000000001b46fdf8 is an unknown value
R13=0x00000000023acdd0 is pointing into the stack for thread: 0x0000000002410800
R14=0x0000000000000000 is an unknown value
R15=0x00000000005ffa30 is an unknown value


Stack: [0x00000000022b0000,0x00000000023b0000],  sp=0x00000000023ab7d0,  free space=1005k
Native frames: (J=compiled Java code, j=interpreted, Vv=VM code, C=native code)
C  [ig9icd64.dll+0x22f5b3]
C  [ig9icd64.dll+0x27391b]
C  [ig9icd64.dll+0x309b93]
C  [ig9icd64.dll+0x3098ed]
C  [ig9icd64.dll+0x4f4974]
C  [ig9icd64.dll+0x4f55a1]
C  0x00000000025f7f74

Java frames: (J=compiled Java code, j=interpreted, Vv=VM code)
j  org.lwjgl.opengl.GL11.nglDrawArrays(IIIJ)V+0
j  org.lwjgl.opengl.GL11.glDrawArrays(III)V+20
j  VoxelEngine.Chunk.render()V+72
j  VoxelEngine.FPCameraController.gameLoop()V+189
j  VoxelEngine.VoxelEngine.start()V+26
j  VoxelEngine.VoxelEngine.main([Ljava/lang/String;)V+9
v  ~StubRoutines::call_stub

---------------  P R O C E S S  ---------------

Java Threads: ( => current thread )
  0x00000000189bd000 JavaThread "Service Thread" daemon [_thread_blocked, id=26432, stack(0x0000000018d90000,0x0000000018e90000)]
  0x000000001703f000 JavaThread "C1 CompilerThread2" daemon [_thread_blocked, id=23404, stack(0x0000000018890000,0x0000000018990000)]
  0x0000000017030000 JavaThread "C2 CompilerThread1" daemon [_thread_blocked, id=24064, stack(0x0000000018790000,0x0000000018890000)]
  0x000000001702d000 JavaThread "C2 CompilerThread0" daemon [_thread_blocked, id=15124, stack(0x0000000018690000,0x0000000018790000)]
  0x000000001702b800 JavaThread "Attach Listener" daemon [_thread_blocked, id=4196, stack(0x0000000018590000,0x0000000018690000)]
  0x000000001702a800 JavaThread "Signal Dispatcher" daemon [_thread_blocked, id=10788, stack(0x0000000018490000,0x0000000018590000)]
  0x0000000017018800 JavaThread "Finalizer" daemon [_thread_blocked, id=14384, stack(0x00000000182a0000,0x00000000183a0000)]
  0x0000000002501000 JavaThread "Reference Handler" daemon [_thread_blocked, id=25104, stack(0x00000000181a0000,0x00000000182a0000)]
=>0x0000000002410800 JavaThread "main" [_thread_in_native, id=9792, stack(0x00000000022b0000,0x00000000023b0000)]

Other Threads:
  0x0000000016ff6800 VMThread [stack: 0x00000000180a0000,0x00000000181a0000] [id=22940]
  0x00000000189c0800 WatcherThread [stack: 0x0000000018e90000,0x0000000018f90000] [id=4660]

VM state:not at safepoint (normal execution)

VM Mutex/Monitor currently owned by a thread: None

Heap:
 PSYoungGen      total 37888K, used 9268K [0x00000000d6600000, 0x00000000d9000000, 0x0000000100000000)
  eden space 32768K, 28% used [0x00000000d6600000,0x00000000d6f0d268,0x00000000d8600000)
  from space 5120K, 0% used [0x00000000d8b00000,0x00000000d8b00000,0x00000000d9000000)
  to   space 5120K, 0% used [0x00000000d8600000,0x00000000d8600000,0x00000000d8b00000)
 ParOldGen       total 86016K, used 0K [0x0000000083200000, 0x0000000088600000, 0x00000000d6600000)
  object space 86016K, 0% used [0x0000000083200000,0x0000000083200000,0x0000000088600000)
 Metaspace       used 5398K, capacity 5883K, committed 6016K, reserved 1056768K
  class space    used 530K, capacity 592K, committed 640K, reserved 1048576K

Card table byte_map: [0x00000000119a0000,0x0000000011d90000] byte_map_base: 0x0000000011587000

Marking Bits: (ParMarkBitMap*) 0x0000000074dba6c0
 Begin Bits: [0x0000000012430000, 0x0000000014368000)
 End Bits:   [0x0000000014368000, 0x00000000162a0000)

Polling page: 0x0000000000a70000

CodeCache: size=245760Kb used=1752Kb max_used=1764Kb free=244007Kb
 bounds [0x00000000025e0000, 0x0000000002850000, 0x00000000115e0000]
 total_blobs=687 nmethods=308 adapters=292
 compilation: enabled

Compilation events (10 events):
Event: 0.473 Thread 0x000000001702d000  304       4       org.newdawn.slick.opengl.PNGDecoder::unfilterSub (38 bytes)
Event: 0.475 Thread 0x000000001702d000 nmethod 304 0x0000000002793790 code [0x00000000027938c0, 0x0000000002793ad8]
Event: 0.481 Thread 0x000000001703f000  305       3       org.newdawn.slick.opengl.PNGDecoder::readFully (40 bytes)
Event: 0.481 Thread 0x000000001703f000 nmethod 305 0x0000000002797c90 code [0x0000000002797e20, 0x00000000027981f8]
Event: 0.484 Thread 0x000000001703f000  306       3       java.util.zip.CRC32::update (51 bytes)
Event: 0.484 Thread 0x000000001703f000 nmethod 306 0x00000000027975d0 code [0x0000000002797760, 0x0000000002797b18]
Event: 0.489 Thread 0x000000001703f000  307       3       org.newdawn.slick.opengl.PNGDecoder::readChunk (42 bytes)
Event: 0.489 Thread 0x000000001703f000 nmethod 307 0x0000000002797090 code [0x0000000002797200, 0x00000000027974d8]
Event: 0.500 Thread 0x0000000017030000  308       4       java.util.Random::nextInt (74 bytes)
Event: 0.501 Thread 0x0000000017030000 nmethod 308 0x0000000002795750 code [0x00000000027958a0, 0x0000000002795a18]

GC Heap History (0 events):
No events

Deoptimization events (1 events):
Event: 0.462 Thread 0x0000000002410800 Uncommon trap: reason=unstable_if action=reinterpret pc=0x0000000002791a0c method=java.util.Random.nextInt(I)I @ 28

Internal exceptions (6 events):
Event: 0.033 Thread 0x0000000002410800 Exception <a 'java/lang/NoSuchMethodError': Method sun.misc.Unsafe.defineClass(Ljava/lang/String;[BII)Ljava/lang/Class; name or signature does not match> (0x00000000d6607c78) thrown at [C:\re\workspace\8-2-build-windows-amd64-cygwin\jdk8u111\7883\hotspot\
Event: 0.033 Thread 0x0000000002410800 Exception <a 'java/lang/NoSuchMethodError': Method sun.misc.Unsafe.prefetchRead(Ljava/lang/Object;J)V name or signature does not match> (0x00000000d6607f60) thrown at [C:\re\workspace\8-2-build-windows-amd64-cygwin\jdk8u111\7883\hotspot\src\share\vm\prims
Event: 0.368 Thread 0x0000000002410800 Exception <a 'java/security/PrivilegedActionException'> (0x00000000d6a63078) thrown at [C:\re\workspace\8-2-build-windows-amd64-cygwin\jdk8u111\7883\hotspot\src\share\vm\prims\jvm.cpp, line 1386]
Event: 0.368 Thread 0x0000000002410800 Exception <a 'java/security/PrivilegedActionException'> (0x00000000d6a63288) thrown at [C:\re\workspace\8-2-build-windows-amd64-cygwin\jdk8u111\7883\hotspot\src\share\vm\prims\jvm.cpp, line 1386]
Event: 0.368 Thread 0x0000000002410800 Exception <a 'java/security/PrivilegedActionException'> (0x00000000d6a67170) thrown at [C:\re\workspace\8-2-build-windows-amd64-cygwin\jdk8u111\7883\hotspot\src\share\vm\prims\jvm.cpp, line 1386]
Event: 0.368 Thread 0x0000000002410800 Exception <a 'java/security/PrivilegedActionException'> (0x00000000d6a67380) thrown at [C:\re\workspace\8-2-build-windows-amd64-cygwin\jdk8u111\7883\hotspot\src\share\vm\prims\jvm.cpp, line 1386]

Events (10 events):
Event: 0.462 loading class VoxelEngine/SimplexNoise_octave$Grad done
Event: 0.462 Thread 0x0000000002410800 Uncommon trap: trap_request=0xffffff65 fr.pc=0x0000000002791a0c
Event: 0.462 Thread 0x0000000002410800 DEOPT PACKING pc=0x0000000002791a0c sp=0x00000000023af4c0
Event: 0.462 Thread 0x0000000002410800 DEOPT UNPACKING pc=0x000000000262582a sp=0x00000000023af460 mode 2
Event: 0.473 Thread 0x0000000002410800 DEOPT PACKING pc=0x00000000027888b3 sp=0x00000000023af020
Event: 0.473 Thread 0x0000000002410800 DEOPT UNPACKING pc=0x000000000262787f sp=0x00000000023aed38 mode 0
Event: 0.474 Thread 0x0000000002410800 DEOPT PACKING pc=0x00000000027888b3 sp=0x00000000023af020
Event: 0.474 Thread 0x0000000002410800 DEOPT UNPACKING pc=0x000000000262787f sp=0x00000000023aed38 mode 0
Event: 0.474 Thread 0x0000000002410800 DEOPT PACKING pc=0x00000000027888b3 sp=0x00000000023af020
Event: 0.474 Thread 0x0000000002410800 DEOPT UNPACKING pc=0x000000000262787f sp=0x00000000023aed38 mode 0


Dynamic libraries:
0x00007ff76d500000 - 0x00007ff76d537000 	C:\Program Files\Java\jdk1.8.0_111\bin\java.exe
0x00007ffef1300000 - 0x00007ffef14db000 	C:\WINDOWS\SYSTEM32\ntdll.dll
0x00007ffeee860000 - 0x00007ffeee90e000 	C:\WINDOWS\System32\KERNEL32.DLL
0x00007ffeed820000 - 0x00007ffeeda69000 	C:\WINDOWS\System32\KERNELBASE.dll
0x00007ffeeeb40000 - 0x00007ffeeebe1000 	C:\WINDOWS\System32\ADVAPI32.dll
0x00007ffeee9e0000 - 0x00007ffeeea7d000 	C:\WINDOWS\System32\msvcrt.dll
0x00007ffeee980000 - 0x00007ffeee9d9000 	C:\WINDOWS\System32\sechost.dll
0x00007ffef11d0000 - 0x00007ffef12f5000 	C:\WINDOWS\System32\RPCRT4.dll
0x00007ffeef180000 - 0x00007ffeef2ca000 	C:\WINDOWS\System32\USER32.dll
0x00007ffeee3e0000 - 0x00007ffeee3fe000 	C:\WINDOWS\System32\win32u.dll
0x00007ffef0a10000 - 0x00007ffef0a37000 	C:\WINDOWS\System32\GDI32.dll
0x00007ffeee400000 - 0x00007ffeee587000 	C:\WINDOWS\System32\gdi32full.dll
0x00007ffeee7c0000 - 0x00007ffeee85a000 	C:\WINDOWS\System32\msvcp_win.dll
0x00007ffeee270000 - 0x00007ffeee366000 	C:\WINDOWS\System32\ucrtbase.dll
0x00007ffed6230000 - 0x00007ffed6497000 	C:\WINDOWS\WinSxS\amd64_microsoft.windows.common-controls_6595b64144ccf1df_6.0.15063.483_none_26002d27e7c744a2\COMCTL32.dll
0x00007ffeeed60000 - 0x00007ffeef059000 	C:\WINDOWS\System32\combase.dll
0x00007ffeee370000 - 0x00007ffeee3da000 	C:\WINDOWS\System32\bcryptPrimitives.dll
0x00007ffef0ef0000 - 0x00007ffef0f1d000 	C:\WINDOWS\System32\IMM32.DLL
0x00000000765f0000 - 0x00000000766c2000 	C:\Program Files\Java\jdk1.8.0_111\jre\bin\msvcr100.dll
0x00000000745a0000 - 0x0000000074e3a000 	C:\Program Files\Java\jdk1.8.0_111\jre\bin\server\jvm.dll
0x00007ffef0a40000 - 0x00007ffef0a48000 	C:\WINDOWS\System32\PSAPI.DLL
0x00007ffedb7e0000 - 0x00007ffedb7e9000 	C:\WINDOWS\SYSTEM32\WSOCK32.dll
0x00007ffee3290000 - 0x00007ffee32b3000 	C:\WINDOWS\SYSTEM32\WINMM.dll
0x00007ffee2160000 - 0x00007ffee216a000 	C:\WINDOWS\SYSTEM32\VERSION.dll
0x00007ffeee910000 - 0x00007ffeee97c000 	C:\WINDOWS\System32\WS2_32.dll
0x00007ffee3260000 - 0x00007ffee328b000 	C:\WINDOWS\SYSTEM32\winmmbase.dll
0x00007ffeeda70000 - 0x00007ffeedab9000 	C:\WINDOWS\System32\cfgmgr32.dll
0x00000000502d0000 - 0x00000000502df000 	C:\Program Files\Java\jdk1.8.0_111\jre\bin\verify.dll
0x0000000050200000 - 0x0000000050229000 	C:\Program Files\Java\jdk1.8.0_111\jre\bin\java.dll
0x00000000501e0000 - 0x00000000501f6000 	C:\Program Files\Java\jdk1.8.0_111\jre\bin\zip.dll
0x00007ffeef3e0000 - 0x00007ffef0817000 	C:\WINDOWS\System32\SHELL32.dll
0x00007ffeeea90000 - 0x00007ffeeeb3a000 	C:\WINDOWS\System32\shcore.dll
0x00007ffeedac0000 - 0x00007ffeee1b1000 	C:\WINDOWS\System32\windows.storage.dll
0x00007ffef10d0000 - 0x00007ffef1121000 	C:\WINDOWS\System32\shlwapi.dll
0x00007ffeed800000 - 0x00007ffeed811000 	C:\WINDOWS\System32\kernel.appcore.dll
0x00007ffeed7b0000 - 0x00007ffeed7fc000 	C:\WINDOWS\System32\powrprof.dll
0x00007ffeed770000 - 0x00007ffeed785000 	C:\WINDOWS\System32\profapi.dll
0x0000000180000000 - 0x0000000180053000 	C:\Users\mrfre\Desktop\lwjgl-2.9.2\lwjgl-2.9.2\native\windows\lwjgl64.dll
0x00007ffecf7f0000 - 0x00007ffecf911000 	C:\WINDOWS\SYSTEM32\OPENGL32.dll
0x00007ffed8320000 - 0x00007ffed834c000 	C:\WINDOWS\SYSTEM32\GLU32.dll
0x00007ffeec070000 - 0x00007ffeec105000 	C:\WINDOWS\system32\uxtheme.dll
0x00007ffeeebf0000 - 0x00007ffeeed56000 	C:\WINDOWS\System32\MSCTF.dll
0x00007ffeef0c0000 - 0x00007ffeef180000 	C:\WINDOWS\System32\OLEAUT32.dll
0x00007ffed80b0000 - 0x00007ffed8151000 	C:\Program Files\Common Files\microsoft shared\ink\tiptsf.dll
0x00007ffee26a0000 - 0x00007ffee26ca000 	C:\WINDOWS\system32\dwmapi.dll
0x00007ffea71d0000 - 0x00007ffea7ec5000 	C:\WINDOWS\SYSTEM32\ig9icd64.dll
0x00007ffed7150000 - 0x00007ffed7fc2000 	C:\WINDOWS\SYSTEM32\igc64.dll
0x00007ffeea030000 - 0x00007ffeea043000 	C:\WINDOWS\SYSTEM32\WTSAPI32.dll
0x00007ffee4630000 - 0x00007ffee46b2000 	C:\WINDOWS\System32\TextInputFramework.dll
0x00007ffeeb860000 - 0x00007ffeeb943000 	C:\WINDOWS\System32\CoreMessaging.dll
0x00007ffeda480000 - 0x00007ffeda752000 	C:\WINDOWS\System32\CoreUIComponents.dll
0x00007ffeec980000 - 0x00007ffeec9b1000 	C:\WINDOWS\SYSTEM32\ntmarta.dll
0x00007ffeea4d0000 - 0x00007ffeea609000 	C:\WINDOWS\SYSTEM32\wintypes.dll
0x00007ffee9c20000 - 0x00007ffee9c35000 	C:\WINDOWS\SYSTEM32\usermgrcli.dll
0x00007ffee6920000 - 0x00007ffee69b3000 	C:\WINDOWS\SYSTEM32\mscms.dll
0x00007ffeed6a0000 - 0x00007ffeed6c9000 	C:\WINDOWS\SYSTEM32\USERENV.dll
0x00007ffee63b0000 - 0x00007ffee63f1000 	C:\WINDOWS\SYSTEM32\icm32.dll
0x00007ffef1130000 - 0x00007ffef11ce000 	C:\WINDOWS\System32\clbcatq.dll
0x00007ffed5a30000 - 0x00007ffed5bf5000 	C:\Windows\System32\uiautomationcore.dll
0x00007ffeed540000 - 0x00007ffeed5da000 	C:\WINDOWS\SYSTEM32\sxs.dll
0x00007ffee2630000 - 0x00007ffee269b000 	C:\Windows\System32\OLEACC.dll
0x0000000075350000 - 0x00000000754e8000 	C:\Program Files\Java\jdk1.8.0_111\jre\bin\awt.dll
0x00007ffeebe50000 - 0x00007ffeebece000 	C:\WINDOWS\SYSTEM32\apphelp.dll
0x00007ffee9c40000 - 0x00007ffee9de9000 	C:\WINDOWS\SYSTEM32\dbghelp.dll

VM Arguments:
jvm_args: -Dfile.encoding=UTF-8 -Djava.library.path=C:\Users\mrfre\Desktop\lwjgl-2.9.2\lwjgl-2.9.2\native\windows 
java_command: VoxelEngine.VoxelEngine
java_class_path (initial): C:\Users\mrfre\OneDrive\Documents\GitHub\VoxelEngine\FinalProgram\VoxelEngine\Libraries\lwjgl-2.9.2\jar\jinput.jar;C:\Users\mrfre\OneDrive\Documents\GitHub\VoxelEngine\FinalProgram\VoxelEngine\Libraries\lwjgl-2.9.2\jar\lwjgl.jar;C:\Users\mrfre\OneDrive\Documents\GitHub\VoxelEngine\FinalProgram\VoxelEngine\Libraries\lwjgl-2.9.2\jar\lwjgl_util.jar;C:\Users\mrfre\OneDrive\Documents\GitHub\VoxelEngine\FinalProgram\VoxelEngine\Libraries\lwjgl-2.9.2\jar\slick-util.jar;C:\Users\mrfre\OneDrive\Documents\GitHub\VoxelEngine\FinalProgram\VoxelEngine\build\classes
Launcher Type: SUN_STANDARD

Environment Variables:
PATH=C:\ProgramData\Oracle\Java\javapath;C:\Windows\system32;C:\Windows;C:\Windows\System32\Wbem;C:\Windows\System32\WindowsPowerShell\v1.0\;C:\Program Files (x86)\Common Files\lenovo\easyplussdk\bin;C:\Program Files (x86)\NVIDIA Corporation\PhysX\Common;C:\Program Files\Intel\WiFi\bin\;C:\Program Files\Common Files\Intel\WirelessCommon\;C:\WINDOWS\system32;C:\WINDOWS;C:\WINDOWS\System32\Wbem;C:\WINDOWS\System32\WindowsPowerShell\v1.0\;C:\Users\mrfre\AppData\Local\Microsoft\WindowsApps;C:\Users\mrfre\AppData\Local\GitHubDesktop\bin
USERNAME=mrfre
OS=Windows_NT
PROCESSOR_IDENTIFIER=Intel64 Family 6 Model 78 Stepping 3, GenuineIntel



---------------  S Y S T E M  ---------------

OS: Windows 10.0 , 64 bit Build 15063 (10.0.15063.296)

CPU:total 4 (2 cores per cpu, 2 threads per core) family 6 model 78 stepping 3, cmov, cx8, fxsr, mmx, sse, sse2, sse3, ssse3, sse4.1, sse4.2, popcnt, avx, avx2, aes, clmul, erms, 3dnowpref, lzcnt, ht, tsc, tscinvbit, bmi1, bmi2, adx

Memory: 4k page, physical 8177720k(3263888k free), swap 9887460k(1580332k free)

vm_info: Java HotSpot(TM) 64-Bit Server VM (25.111-b14) for windows-amd64 JRE (1.8.0_111-b14), built on Sep 22 2016 19:24:05 by "java_re" with MS VC++ 10.0 (VS2010)

time: Tue Nov 28 15:49:18 2017
elapsed time: 0 seconds (0d 0h 0m 0s)

