#
# A fatal error has been detected by the Java Runtime Environment:
#
#  SIGSEGV (0xb) at pc=0x00007fff3e80e08d, pid=2231, tid=0x0000000000001b03
#
# JRE version: Java(TM) SE Runtime Environment (8.0_144-b01) (build 1.8.0_144-b01)
# Java VM: Java HotSpot(TM) 64-Bit Server VM (25.144-b01 mixed mode bsd-amd64 compressed oops)
# Problematic frame:
# C  [GLEngine+0x14808d]  gleRunVertexSubmitImmediate+0x1d3d
#
# Failed to write core dump. Core dumps have been disabled. To enable core dumping, try "ulimit -c unlimited" before starting Java again
#
# If you would like to submit a bug report, please visit:
#   http://bugreport.java.com/bugreport/crash.jsp
# The crash happened outside the Java Virtual Machine in native code.
# See problematic frame for where to report the bug.
#

---------------  T H R E A D  ---------------

Current thread (0x00007f93a2001800):  JavaThread "main" [_thread_in_native, id=6915, stack(0x00007000009fc000,0x0000700000afc000)]

siginfo: si_signo: 11 (SIGSEGV), si_code: 1 (SEGV_MAPERR), si_addr: 0x0000000000000000

Registers:
RAX=0x00007fff3e80e08d, RBX=0x0000000000000006, RCX=0x00007fff3e80fe48, RDX=0x0000000000000006
RSP=0x0000700000afb3d0, RBP=0x0000700000afb5f0, RSI=0x0000000000000001, RDI=0x00007fff3e80fdf8
R8 =0x0000000000000832, R9 =0x0000000000000006, R10=0x0000000106400041, R11=0x00007f939ec8bf70
R12=0x0000000000000000, R13=0x0000000000082018, R14=0x0000000000000002, R15=0x00007f93a5000000
RIP=0x00007fff3e80e08d, EFLAGS=0x0000000000010207, ERR=0x0000000000000004
  TRAPNO=0x000000000000000e

Top of Stack: (sp=0x0000700000afb3d0)
0x0000700000afb3d0:   000000012ba48690 0000000000000003
0x0000700000afb3e0:   00007f93a5000140 00007f93a5000170
0x0000700000afb3f0:   00007f93a5000190 00007f93a5000150
0x0000700000afb400:   00007f93a5000180 00007f93a5000160
0x0000700000afb410:   00007f93a50001a0 0000000000000003
0x0000700000afb420:   00000000ffffffff 0000000000000000
0x0000700000afb430:   0000000000000000 0000000000000000
0x0000700000afb440:   41c800003f800000 0000000000000000
0x0000700000afb450:   0000000000000000 00007f93a5000000
0x0000700000afb460:   0000000000000000 00000000fffffffe
0x0000700000afb470:   0000083200020806 0000000000000000
0x0000700000afb480:   0000000000000002 0000000000000000
0x0000700000afb490:   0000000000000000 00007f939ec8bf70
0x0000700000afb4a0:   0000700000afb588 00007f93a5000190
0x0000700000afb4b0:   0000000200000000 0000000000000000
0x0000700000afb4c0:   000000003f800000 0000000000000000
0x0000700000afb4d0:   000000003f800000 0000000000000000
0x0000700000afb4e0:   a50bb7a202e50053 0000000000000832
0x0000700000afb4f0:   00007f93a5000190 00007f93a5000190
0x0000700000afb500:   000000003f800000 0000000000000000
0x0000700000afb510:   3f8000003f800000 00007fff3f800000
0x0000700000afb520:   000000012b8e1000 a500019000000001
0x0000700000afb530:   3f8000003f800000 000000003f800000
0x0000700000afb540:   0000700000afb5d4 000000072ed67e02
0x0000700000afb550:   000000012ba26000 00007f93a5000000
0x0000700000afb560:   0000000000000000 0000000000000000
0x0000700000afb570:   0000000000000000 0000000000000000
0x0000700000afb580:   0000000000000000 000000012bd5b000
0x0000700000afb590:   000000012be5af00 0000000000000000
0x0000700000afb5a0:   00007f93a5003da0 00007f93a5003fb0
0x0000700000afb5b0:   00007f93a502aba0 0000000000000000
0x0000700000afb5c0:   a50bb7a202e50053 0000000000000000 

Instructions: (pc=0x00007fff3e80e08d)
0x00007fff3e80e06d:   fe ce 40 80 fe 03 0f 87 a7 0c 00 00 40 0f b6 c6
0x00007fff3e80e07d:   48 8d 0d c4 1d 00 00 48 63 04 81 48 01 c8 ff e0
0x00007fff3e80e08d:   41 8b 0c 24 89 8d 20 ff ff ff 41 8b 44 24 04 89
0x00007fff3e80e09d:   85 24 ff ff ff 89 8d 48 ff ff ff 66 0f 6e c1 66 

Register to memory mapping:

RAX=0x00007fff3e80e08d: gleRunVertexSubmitImmediate+0x1d3d in /System/Library/Frameworks/OpenGL.framework/Versions/A/Resources/GLEngine.bundle/GLEngine at 0x00007fff3e6c6000
RBX=0x0000000000000006 is an unknown value
RCX=0x00007fff3e80fe48: gleRunVertexSubmitImmediate+0x3af8 in /System/Library/Frameworks/OpenGL.framework/Versions/A/Resources/GLEngine.bundle/GLEngine at 0x00007fff3e6c6000
RDX=0x0000000000000006 is an unknown value
RSP=0x0000700000afb3d0 is pointing into the stack for thread: 0x00007f93a2001800
RBP=0x0000700000afb5f0 is pointing into the stack for thread: 0x00007f93a2001800
RSI=0x0000000000000001 is an unknown value
RDI=0x00007fff3e80fdf8: gleRunVertexSubmitImmediate+0x3aa8 in /System/Library/Frameworks/OpenGL.framework/Versions/A/Resources/GLEngine.bundle/GLEngine at 0x00007fff3e6c6000
R8 =0x0000000000000832 is an unknown value
R9 =0x0000000000000006 is an unknown value
R10=0x0000000106400041 is an unknown value
R11=0x00007f939ec8bf70 is an unknown value
R12=0x0000000000000000 is an unknown value
R13=0x0000000000082018 is an unknown value
R14=0x0000000000000002 is an unknown value
R15=0x00007f93a5000000 is an unknown value


Stack: [0x00007000009fc000,0x0000700000afc000],  sp=0x0000700000afb3d0,  free space=1020k
Native frames: (J=compiled Java code, j=interpreted, Vv=VM code, C=native code)
C  [GLEngine+0x14808d]  gleRunVertexSubmitImmediate+0x1d3d
C  [GLEngine+0x26d6b]  glDrawArrays_Exec+0x37b
j  org.lwjgl.opengl.GL11.nglDrawArrays(IIIJ)V+0
j  org.lwjgl.opengl.GL11.glDrawArrays(III)V+20
j  checkone.Chunk.render()V+72
j  checkone.FPCameraController.gameLoop()V+197
j  checkone.CheckOne.start()V+20
j  checkone.CheckOne.main([Ljava/lang/String;)V+9
v  ~StubRoutines::call_stub
V  [libjvm.dylib+0x2ee70a]
V  [libjvm.dylib+0x325522]
V  [libjvm.dylib+0x31e299]
C  [java+0x3931]  JavaMain+0x9c4
C  [libsystem_pthread.dylib+0x36c1]  _pthread_body+0x154
C  [libsystem_pthread.dylib+0x356d]  _pthread_body+0x0
C  [libsystem_pthread.dylib+0x2c5d]  thread_start+0xd
C  0x0000000000000000

Java frames: (J=compiled Java code, j=interpreted, Vv=VM code)
j  org.lwjgl.opengl.GL11.nglDrawArrays(IIIJ)V+0
j  org.lwjgl.opengl.GL11.glDrawArrays(III)V+20
j  checkone.Chunk.render()V+72
j  checkone.FPCameraController.gameLoop()V+197
j  checkone.CheckOne.start()V+20
j  checkone.CheckOne.main([Ljava/lang/String;)V+9
v  ~StubRoutines::call_stub

---------------  P R O C E S S  ---------------

Java Threads: ( => current thread )
  0x00007f93a31e3000 JavaThread "AWT-Shutdown" [_thread_blocked, id=32555, stack(0x0000700001d35000,0x0000700001e35000)]
  0x00007f93a2107800 JavaThread "AppKit Thread" daemon [_thread_in_native, id=775, stack(0x00007ffee1b18000,0x00007ffee2318000)]
  0x00007f939f02e000 JavaThread "Service Thread" daemon [_thread_blocked, id=20995, stack(0x0000700001b2f000,0x0000700001c2f000)]
  0x00007f93a080a000 JavaThread "C1 CompilerThread3" daemon [_thread_blocked, id=20483, stack(0x0000700001a2c000,0x0000700001b2c000)]
  0x00007f93a0809000 JavaThread "C2 CompilerThread2" daemon [_thread_blocked, id=19971, stack(0x0000700001929000,0x0000700001a29000)]
  0x00007f93a0808800 JavaThread "C2 CompilerThread1" daemon [_thread_blocked, id=19459, stack(0x0000700001826000,0x0000700001926000)]
  0x00007f93a0804000 JavaThread "C2 CompilerThread0" daemon [_thread_blocked, id=18947, stack(0x0000700001723000,0x0000700001823000)]
  0x00007f93a2045000 JavaThread "Signal Dispatcher" daemon [_thread_blocked, id=18443, stack(0x0000700001620000,0x0000700001720000)]
  0x00007f93a282b000 JavaThread "Finalizer" daemon [_thread_blocked, id=15107, stack(0x000070000151d000,0x000070000161d000)]
  0x00007f93a1803000 JavaThread "Reference Handler" daemon [_thread_blocked, id=14595, stack(0x000070000141a000,0x000070000151a000)]
=>0x00007f93a2001800 JavaThread "main" [_thread_in_native, id=6915, stack(0x00007000009fc000,0x0000700000afc000)]

Other Threads:
  0x00007f93a282a000 VMThread [stack: 0x0000700001317000,0x0000700001417000] [id=14083]
  0x00007f93a200a800 WatcherThread [stack: 0x0000700001c32000,0x0000700001d32000] [id=21507]

VM state:not at safepoint (normal execution)

VM Mutex/Monitor currently owned by a thread: None

Heap:
 PSYoungGen      total 38400K, used 26621K [0x0000000795580000, 0x0000000798000000, 0x00000007c0000000)
  eden space 33280K, 79% used [0x0000000795580000,0x0000000796f7f708,0x0000000797600000)
  from space 5120K, 0% used [0x0000000797b00000,0x0000000797b00000,0x0000000798000000)
  to   space 5120K, 0% used [0x0000000797600000,0x0000000797600000,0x0000000797b00000)
 ParOldGen       total 87552K, used 0K [0x0000000740000000, 0x0000000745580000, 0x0000000795580000)
  object space 87552K, 0% used [0x0000000740000000,0x0000000740000000,0x0000000745580000)
 Metaspace       used 6710K, capacity 6907K, committed 7168K, reserved 1056768K
  class space    used 690K, capacity 760K, committed 768K, reserved 1048576K

Card table byte_map: [0x000000010fd67000,0x0000000110168000] byte_map_base: 0x000000010c367000

Marking Bits: (ParMarkBitMap*) 0x000000010f2f35d0
 Begin Bits: [0x0000000110413000, 0x0000000112413000)
 End Bits:   [0x0000000112413000, 0x0000000114413000)

Polling page: 0x000000010d96c000

CodeCache: size=245760Kb used=2049Kb max_used=2065Kb free=243710Kb
 bounds [0x000000011ae7f000, 0x000000011b0ef000, 0x0000000129e7f000]
 total_blobs=853 nmethods=479 adapters=288
 compilation: enabled

Compilation events (10 events):
Event: 0.690 Thread 0x00007f93a0808800  476       4       java.nio.DirectFloatBufferU::put (157 bytes)
Event: 0.691 Thread 0x00007f93a0804000 nmethod 475 0x000000011b07f410 code [0x000000011b07f580, 0x000000011b07f7b8]
Event: 0.691 Thread 0x00007f93a0804000  477       4       java.nio.Bits::copyFromArray (70 bytes)
Event: 0.691 Thread 0x00007f93a0809000 nmethod 472% 0x000000011b07ee50 code [0x000000011b07efc0, 0x000000011b07f2b8]
Event: 0.692 Thread 0x00007f93a0809000  478       4       checkone.Chunk::createCubeVertexCol (35 bytes)
Event: 0.692 Thread 0x00007f93a0804000 nmethod 477 0x000000011b07ebd0 code [0x000000011b07ed20, 0x000000011b07edb8]
Event: 0.692 Thread 0x00007f93a0808800 nmethod 476 0x000000011b082410 code [0x000000011b082580, 0x000000011b082858]
Event: 0.695 Thread 0x00007f93a0804000  479       4       checkone.Chunk::createTexCube (483 bytes)
Event: 0.695 Thread 0x00007f93a0809000 nmethod 478 0x000000011b080410 code [0x000000011b080560, 0x000000011b080898]
Event: 0.697 Thread 0x00007f93a0804000 nmethod 479 0x000000011b07d710 code [0x000000011b07d8c0, 0x000000011b07db98]

GC Heap History (0 events):
No events

Deoptimization events (0 events):
No events

Internal exceptions (10 events):
Event: 0.035 Thread 0x00007f93a2001800 Exception <a 'java/lang/NoSuchMethodError': Method sun.misc.Unsafe.defineClass(Ljava/lang/String;[BII)Ljava/lang/Class; name or signature does not match> (0x0000000795587ca8) thrown at [/Users/java_re/workspace/8-2-build-macosx-x86_64/jdk8u144/9417/hotspo
Event: 0.035 Thread 0x00007f93a2001800 Exception <a 'java/lang/NoSuchMethodError': Method sun.misc.Unsafe.prefetchRead(Ljava/lang/Object;J)V name or signature does not match> (0x0000000795587f90) thrown at [/Users/java_re/workspace/8-2-build-macosx-x86_64/jdk8u144/9417/hotspot/src/share/vm/pri
Event: 0.133 Thread 0x00007f93a2001800 Exception <a 'java/security/PrivilegedActionException'> (0x0000000795739980) thrown at [/Users/java_re/workspace/8-2-build-macosx-x86_64/jdk8u144/9417/hotspot/src/share/vm/prims/jvm.cpp, line 1390]
Event: 0.133 Thread 0x00007f93a2001800 Exception <a 'java/security/PrivilegedActionException'> (0x0000000795739b90) thrown at [/Users/java_re/workspace/8-2-build-macosx-x86_64/jdk8u144/9417/hotspot/src/share/vm/prims/jvm.cpp, line 1390]
Event: 0.134 Thread 0x00007f93a2001800 Exception <a 'java/security/PrivilegedActionException'> (0x000000079573d0a8) thrown at [/Users/java_re/workspace/8-2-build-macosx-x86_64/jdk8u144/9417/hotspot/src/share/vm/prims/jvm.cpp, line 1390]
Event: 0.134 Thread 0x00007f93a2001800 Exception <a 'java/security/PrivilegedActionException'> (0x000000079573d2b8) thrown at [/Users/java_re/workspace/8-2-build-macosx-x86_64/jdk8u144/9417/hotspot/src/share/vm/prims/jvm.cpp, line 1390]
Event: 0.170 Thread 0x00007f93a2001800 Exception <a 'java/lang/NoSuchFieldError': method resolution failed> (0x000000079580a160) thrown at [/Users/java_re/workspace/8-2-build-macosx-x86_64/jdk8u144/9417/hotspot/src/share/vm/prims/methodHandles.cpp, line 1146]
Event: 0.172 Thread 0x00007f93a2001800 Exception <a 'java/lang/NoSuchFieldError': method resolution failed> (0x00000007958178b0) thrown at [/Users/java_re/workspace/8-2-build-macosx-x86_64/jdk8u144/9417/hotspot/src/share/vm/prims/methodHandles.cpp, line 1146]
Event: 0.369 Thread 0x00007f93a2001800 Exception <a 'java/io/FileNotFoundException'> (0x0000000795892a48) thrown at [/Users/java_re/workspace/8-2-build-macosx-x86_64/jdk8u144/9417/hotspot/src/share/vm/prims/jni.cpp, line 709]
Event: 0.369 Thread 0x00007f93a2001800 Exception <a 'java/io/FileNotFoundException'> (0x00000007958935e8) thrown at [/Users/java_re/workspace/8-2-build-macosx-x86_64/jdk8u144/9417/hotspot/src/share/vm/prims/jni.cpp, line 709]

Events (10 events):
Event: 0.694 Thread 0x00007f93a2001800 DEOPT PACKING pc=0x000000011b07837b sp=0x0000700000afb640
Event: 0.694 Thread 0x00007f93a2001800 DEOPT UNPACKING pc=0x000000011aec6633 sp=0x0000700000afb390 mode 0
Event: 0.695 Thread 0x00007f93a2001800 DEOPT PACKING pc=0x000000011b07837b sp=0x0000700000afb640
Event: 0.695 Thread 0x00007f93a2001800 DEOPT UNPACKING pc=0x000000011aec6633 sp=0x0000700000afb390 mode 0
Event: 0.695 Thread 0x00007f93a2001800 DEOPT PACKING pc=0x000000011b07837b sp=0x0000700000afb640
Event: 0.695 Thread 0x00007f93a2001800 DEOPT UNPACKING pc=0x000000011aec6633 sp=0x0000700000afb390 mode 0
Event: 0.695 Thread 0x00007f93a2001800 DEOPT PACKING pc=0x000000011b07837b sp=0x0000700000afb640
Event: 0.695 Thread 0x00007f93a2001800 DEOPT UNPACKING pc=0x000000011aec6633 sp=0x0000700000afb390 mode 0
Event: 0.695 Thread 0x00007f93a2001800 DEOPT PACKING pc=0x000000011b07837b sp=0x0000700000afb640
Event: 0.695 Thread 0x00007f93a2001800 DEOPT UNPACKING pc=0x000000011aec6633 sp=0x0000700000afb390 mode 0


Dynamic libraries:
0x000000000caf7000 	/System/Library/Frameworks/Cocoa.framework/Versions/A/Cocoa
0x000000000caf7000 	/System/Library/Frameworks/Security.framework/Versions/A/Security
0x000000000caf7000 	/System/Library/Frameworks/ApplicationServices.framework/Versions/A/ApplicationServices
0x000000000caf7000 	/usr/lib/libz.1.dylib
0x000000000caf7000 	/usr/lib/libSystem.B.dylib
0x000000000caf7000 	/usr/lib/libobjc.A.dylib
0x000000000caf7000 	/System/Library/Frameworks/CoreFoundation.framework/Versions/A/CoreFoundation
0x000000000caf7000 	/System/Library/Frameworks/Foundation.framework/Versions/C/Foundation
0x000000000caf7000 	/System/Library/Frameworks/AppKit.framework/Versions/C/AppKit
0x000000000caf7000 	/System/Library/Frameworks/CoreData.framework/Versions/A/CoreData
0x000000000caf7000 	/System/Library/PrivateFrameworks/RemoteViewServices.framework/Versions/A/RemoteViewServices
0x000000000caf7000 	/System/Library/PrivateFrameworks/UIFoundation.framework/Versions/A/UIFoundation
0x000000000caf7000 	/System/Library/PrivateFrameworks/DFRFoundation.framework/Versions/A/DFRFoundation
0x000000000caf7000 	/System/Library/Frameworks/Metal.framework/Versions/A/Metal
0x000000000caf7000 	/System/Library/PrivateFrameworks/DesktopServicesPriv.framework/Versions/A/DesktopServicesPriv
0x000000000caf7000 	/usr/lib/libenergytrace.dylib
0x000000000caf7000 	/System/Library/PrivateFrameworks/SkyLight.framework/Versions/A/SkyLight
0x000000000caf7000 	/System/Library/Frameworks/CoreGraphics.framework/Versions/A/CoreGraphics
0x000000000caf7000 	/usr/lib/libScreenReader.dylib
0x000000000caf7000 	/System/Library/Frameworks/Accelerate.framework/Versions/A/Accelerate
0x000000000caf7000 	/System/Library/Frameworks/IOSurface.framework/Versions/A/IOSurface
0x000000000caf7000 	/System/Library/Frameworks/AudioToolbox.framework/Versions/A/AudioToolbox
0x000000000caf7000 	/System/Library/Frameworks/AudioUnit.framework/Versions/A/AudioUnit
0x000000000caf7000 	/System/Library/PrivateFrameworks/DataDetectorsCore.framework/Versions/A/DataDetectorsCore
0x000000000caf7000 	/System/Library/Frameworks/Carbon.framework/Versions/A/Frameworks/HIToolbox.framework/Versions/A/HIToolbox
0x000000000caf7000 	/usr/lib/libicucore.A.dylib
0x000000000caf7000 	/System/Library/Frameworks/QuartzCore.framework/Versions/A/QuartzCore
0x000000000caf7000 	/System/Library/Frameworks/Carbon.framework/Versions/A/Frameworks/SpeechRecognition.framework/Versions/A/SpeechRecognition
0x000000000caf7000 	/usr/lib/libauto.dylib
0x000000000caf7000 	/usr/lib/libxml2.2.dylib
0x000000000caf7000 	/System/Library/PrivateFrameworks/CoreUI.framework/Versions/A/CoreUI
0x000000000caf7000 	/System/Library/Frameworks/CoreAudio.framework/Versions/A/CoreAudio
0x000000000caf7000 	/System/Library/Frameworks/DiskArbitration.framework/Versions/A/DiskArbitration
0x000000000caf7000 	/usr/lib/liblangid.dylib
0x000000000caf7000 	/System/Library/PrivateFrameworks/MultitouchSupport.framework/Versions/A/MultitouchSupport
0x000000000caf7000 	/System/Library/Frameworks/IOKit.framework/Versions/A/IOKit
0x000000000caf7000 	/usr/lib/libDiagnosticMessagesClient.dylib
0x000000000caf7000 	/System/Library/Frameworks/CoreServices.framework/Versions/A/CoreServices
0x000000000caf7000 	/System/Library/PrivateFrameworks/PerformanceAnalysis.framework/Versions/A/PerformanceAnalysis
0x000000000caf7000 	/System/Library/Frameworks/OpenGL.framework/Versions/A/OpenGL
0x000000000caf7000 	/System/Library/Frameworks/ColorSync.framework/Versions/A/ColorSync
0x000000000caf7000 	/System/Library/Frameworks/CoreImage.framework/Versions/A/CoreImage
0x000000000caf7000 	/System/Library/Frameworks/CoreText.framework/Versions/A/CoreText
0x000000000caf7000 	/System/Library/Frameworks/ImageIO.framework/Versions/A/ImageIO
0x000000000caf7000 	/System/Library/PrivateFrameworks/Backup.framework/Versions/A/Backup
0x000000000caf7000 	/usr/lib/libarchive.2.dylib
0x000000000caf7000 	/System/Library/Frameworks/CFNetwork.framework/Versions/A/CFNetwork
0x000000000caf7000 	/System/Library/Frameworks/SystemConfiguration.framework/Versions/A/SystemConfiguration
0x000000000caf7000 	/usr/lib/libCRFSuite.dylib
0x000000000caf7000 	/usr/lib/libc++.1.dylib
0x000000000caf7000 	/usr/lib/libc++abi.dylib
0x000000000caf7000 	/usr/lib/system/libcache.dylib
0x000000000caf7000 	/usr/lib/system/libcommonCrypto.dylib
0x000000000caf7000 	/usr/lib/system/libcompiler_rt.dylib
0x000000000caf7000 	/usr/lib/system/libcopyfile.dylib
0x000000000caf7000 	/usr/lib/system/libcorecrypto.dylib
0x000000000caf7000 	/usr/lib/system/libdispatch.dylib
0x000000000caf7000 	/usr/lib/system/libdyld.dylib
0x000000000caf7000 	/usr/lib/system/libkeymgr.dylib
0x000000000caf7000 	/usr/lib/system/liblaunch.dylib
0x000000000caf7000 	/usr/lib/system/libmacho.dylib
0x000000000caf7000 	/usr/lib/system/libquarantine.dylib
0x000000000caf7000 	/usr/lib/system/libremovefile.dylib
0x000000000caf7000 	/usr/lib/system/libsystem_asl.dylib
0x000000000caf7000 	/usr/lib/system/libsystem_blocks.dylib
0x000000000caf7000 	/usr/lib/system/libsystem_c.dylib
0x000000000caf7000 	/usr/lib/system/libsystem_configuration.dylib
0x000000000caf7000 	/usr/lib/system/libsystem_coreservices.dylib
0x000000000caf7000 	/usr/lib/system/libsystem_darwin.dylib
0x000000000caf7000 	/usr/lib/system/libsystem_dnssd.dylib
0x000000000caf7000 	/usr/lib/system/libsystem_info.dylib
0x000000000caf7000 	/usr/lib/system/libsystem_m.dylib
0x000000000caf7000 	/usr/lib/system/libsystem_malloc.dylib
0x000000000caf7000 	/usr/lib/system/libsystem_network.dylib
0x000000000caf7000 	/usr/lib/system/libsystem_networkextension.dylib
0x000000000caf7000 	/usr/lib/system/libsystem_notify.dylib
0x000000000caf7000 	/usr/lib/system/libsystem_sandbox.dylib
0x000000000caf7000 	/usr/lib/system/libsystem_secinit.dylib
0x000000000caf7000 	/usr/lib/system/libsystem_kernel.dylib
0x000000000caf7000 	/usr/lib/system/libsystem_platform.dylib
0x000000000caf7000 	/usr/lib/system/libsystem_pthread.dylib
0x000000000caf7000 	/usr/lib/system/libsystem_symptoms.dylib
0x000000000caf7000 	/usr/lib/system/libsystem_trace.dylib
0x000000000caf7000 	/usr/lib/system/libunwind.dylib
0x000000000caf7000 	/usr/lib/system/libxpc.dylib
0x000000000caf7000 	/usr/lib/closure/libclosured.dylib
0x000000000caf7000 	/usr/lib/libbsm.0.dylib
0x000000000caf7000 	/usr/lib/system/libkxld.dylib
0x000000000caf7000 	/usr/lib/libOpenScriptingUtil.dylib
0x000000000caf7000 	/usr/lib/libcoretls.dylib
0x000000000caf7000 	/usr/lib/libcoretls_cfhelpers.dylib
0x000000000caf7000 	/usr/lib/libpam.2.dylib
0x000000000caf7000 	/usr/lib/libsqlite3.dylib
0x000000000caf7000 	/usr/lib/libxar.1.dylib
0x000000000caf7000 	/usr/lib/libbz2.1.0.dylib
0x000000000caf7000 	/usr/lib/liblzma.5.dylib
0x000000000caf7000 	/usr/lib/libnetwork.dylib
0x000000000caf7000 	/usr/lib/libapple_nghttp2.dylib
0x000000000caf7000 	/usr/lib/libpcap.A.dylib
0x000000000caf7000 	/usr/lib/libboringssl.dylib
0x000000000caf7000 	/usr/lib/libusrtcp.dylib
0x000000000caf7000 	/usr/lib/libapple_crypto.dylib
0x000000000caf7000 	/System/Library/Frameworks/CoreServices.framework/Versions/A/Frameworks/FSEvents.framework/Versions/A/FSEvents
0x000000000caf7000 	/System/Library/Frameworks/CoreServices.framework/Versions/A/Frameworks/CarbonCore.framework/Versions/A/CarbonCore
0x000000000caf7000 	/System/Library/Frameworks/CoreServices.framework/Versions/A/Frameworks/Metadata.framework/Versions/A/Metadata
0x000000000caf7000 	/System/Library/Frameworks/CoreServices.framework/Versions/A/Frameworks/OSServices.framework/Versions/A/OSServices
0x000000000caf7000 	/System/Library/Frameworks/CoreServices.framework/Versions/A/Frameworks/SearchKit.framework/Versions/A/SearchKit
0x000000000caf7000 	/System/Library/Frameworks/CoreServices.framework/Versions/A/Frameworks/AE.framework/Versions/A/AE
0x000000000caf7000 	/System/Library/Frameworks/CoreServices.framework/Versions/A/Frameworks/LaunchServices.framework/Versions/A/LaunchServices
0x000000000caf7000 	/System/Library/Frameworks/CoreServices.framework/Versions/A/Frameworks/DictionaryServices.framework/Versions/A/DictionaryServices
0x000000000caf7000 	/System/Library/Frameworks/CoreServices.framework/Versions/A/Frameworks/SharedFileList.framework/Versions/A/SharedFileList
0x000000000caf7000 	/System/Library/Frameworks/NetFS.framework/Versions/A/NetFS
0x000000000caf7000 	/System/Library/PrivateFrameworks/NetAuth.framework/Versions/A/NetAuth
0x000000000caf7000 	/System/Library/PrivateFrameworks/login.framework/Versions/A/Frameworks/loginsupport.framework/Versions/A/loginsupport
0x000000000caf7000 	/System/Library/PrivateFrameworks/TCC.framework/Versions/A/TCC
0x000000000caf7000 	/usr/lib/libmecabra.dylib
0x000000000caf7000 	/System/Library/Frameworks/ApplicationServices.framework/Versions/A/Frameworks/ATS.framework/Versions/A/ATS
0x000000000caf7000 	/System/Library/Frameworks/ApplicationServices.framework/Versions/A/Frameworks/ColorSyncLegacy.framework/Versions/A/ColorSyncLegacy
0x000000000caf7000 	/System/Library/Frameworks/ApplicationServices.framework/Versions/A/Frameworks/HIServices.framework/Versions/A/HIServices
0x000000000caf7000 	/System/Library/Frameworks/ApplicationServices.framework/Versions/A/Frameworks/LangAnalysis.framework/Versions/A/LangAnalysis
0x000000000caf7000 	/System/Library/Frameworks/ApplicationServices.framework/Versions/A/Frameworks/PrintCore.framework/Versions/A/PrintCore
0x000000000caf7000 	/System/Library/Frameworks/ApplicationServices.framework/Versions/A/Frameworks/QD.framework/Versions/A/QD
0x000000000caf7000 	/System/Library/Frameworks/ApplicationServices.framework/Versions/A/Frameworks/SpeechSynthesis.framework/Versions/A/SpeechSynthesis
0x000000000caf7000 	/System/Library/Frameworks/CoreDisplay.framework/Versions/A/CoreDisplay
0x000000000caf7000 	/System/Library/Frameworks/Accelerate.framework/Versions/A/Frameworks/vImage.framework/Versions/A/vImage
0x000000000caf7000 	/System/Library/Frameworks/Accelerate.framework/Versions/A/Frameworks/vecLib.framework/Versions/A/vecLib
0x000000000caf7000 	/System/Library/Frameworks/Accelerate.framework/Versions/A/Frameworks/vecLib.framework/Versions/A/libvDSP.dylib
0x000000000caf7000 	/System/Library/Frameworks/Accelerate.framework/Versions/A/Frameworks/vecLib.framework/Versions/A/libBNNS.dylib
0x000000000caf7000 	/System/Library/Frameworks/Accelerate.framework/Versions/A/Frameworks/vecLib.framework/Versions/A/libQuadrature.dylib
0x000000000caf7000 	/System/Library/Frameworks/Accelerate.framework/Versions/A/Frameworks/vecLib.framework/Versions/A/libvMisc.dylib
0x000000000caf7000 	/System/Library/Frameworks/Accelerate.framework/Versions/A/Frameworks/vecLib.framework/Versions/A/libLAPACK.dylib
0x000000000caf7000 	/System/Library/Frameworks/Accelerate.framework/Versions/A/Frameworks/vecLib.framework/Versions/A/libBLAS.dylib
0x000000000caf7000 	/System/Library/Frameworks/Accelerate.framework/Versions/A/Frameworks/vecLib.framework/Versions/A/libLinearAlgebra.dylib
0x000000000caf7000 	/System/Library/Frameworks/Accelerate.framework/Versions/A/Frameworks/vecLib.framework/Versions/A/libSparse.dylib
0x000000000caf7000 	/System/Library/Frameworks/Accelerate.framework/Versions/A/Frameworks/vecLib.framework/Versions/A/libSparseBLAS.dylib
0x000000000caf7000 	/System/Library/PrivateFrameworks/IOAccelerator.framework/Versions/A/IOAccelerator
0x000000000caf7000 	/System/Library/PrivateFrameworks/IOPresentment.framework/Versions/A/IOPresentment
0x000000000caf7000 	/System/Library/PrivateFrameworks/DSExternalDisplay.framework/Versions/A/DSExternalDisplay
0x000000000caf7000 	/System/Library/Frameworks/OpenGL.framework/Versions/A/Libraries/libCoreFSCache.dylib
0x000000000caf7000 	/System/Library/Frameworks/CoreVideo.framework/Versions/A/CoreVideo
0x000000000caf7000 	/System/Library/PrivateFrameworks/GraphVisualizer.framework/Versions/A/GraphVisualizer
0x000000000caf7000 	/System/Library/Frameworks/MetalPerformanceShaders.framework/Versions/A/MetalPerformanceShaders
0x000000000caf7000 	/usr/lib/libFosl_dynamic.dylib
0x000000000caf7000 	/System/Library/PrivateFrameworks/FaceCore.framework/Versions/A/FaceCore
0x000000000caf7000 	/System/Library/Frameworks/OpenCL.framework/Versions/A/OpenCL
0x000000000caf7000 	/usr/lib/libcompression.dylib
0x000000000caf7000 	/System/Library/Frameworks/ApplicationServices.framework/Versions/A/Frameworks/ATS.framework/Versions/A/Resources/libFontParser.dylib
0x000000000caf7000 	/System/Library/Frameworks/ApplicationServices.framework/Versions/A/Frameworks/ATS.framework/Versions/A/Resources/libFontRegistry.dylib
0x000000000caf7000 	/System/Library/Frameworks/ImageIO.framework/Versions/A/Resources/libJPEG.dylib
0x000000000caf7000 	/System/Library/Frameworks/ImageIO.framework/Versions/A/Resources/libTIFF.dylib
0x000000000caf7000 	/System/Library/Frameworks/ImageIO.framework/Versions/A/Resources/libPng.dylib
0x000000000caf7000 	/System/Library/Frameworks/ImageIO.framework/Versions/A/Resources/libGIF.dylib
0x000000000caf7000 	/System/Library/Frameworks/ImageIO.framework/Versions/A/Resources/libJP2.dylib
0x000000000caf7000 	/System/Library/Frameworks/ImageIO.framework/Versions/A/Resources/libRadiance.dylib
0x000000000caf7000 	/System/Library/PrivateFrameworks/AppleJPEG.framework/Versions/A/AppleJPEG
0x000000000caf7000 	/System/Library/PrivateFrameworks/MetalTools.framework/Versions/A/MetalTools
0x000000000caf7000 	/System/Library/Frameworks/MetalPerformanceShaders.framework/Frameworks/MPSCore.framework/Versions/A/MPSCore
0x000000000caf7000 	/System/Library/Frameworks/MetalPerformanceShaders.framework/Frameworks/MPSImage.framework/Versions/A/MPSImage
0x000000000caf7000 	/System/Library/Frameworks/MetalPerformanceShaders.framework/Frameworks/MPSMatrix.framework/Versions/A/MPSMatrix
0x000000000caf7000 	/System/Library/Frameworks/MetalPerformanceShaders.framework/Frameworks/MPSNeuralNetwork.framework/Versions/A/MPSNeuralNetwork
0x000000000caf7000 	/System/Library/Frameworks/OpenGL.framework/Versions/A/Libraries/libGLU.dylib
0x000000000caf7000 	/System/Library/Frameworks/OpenGL.framework/Versions/A/Libraries/libGFXShared.dylib
0x000000000caf7000 	/System/Library/Frameworks/OpenGL.framework/Versions/A/Libraries/libGL.dylib
0x000000000caf7000 	/System/Library/Frameworks/OpenGL.framework/Versions/A/Libraries/libGLImage.dylib
0x000000000caf7000 	/System/Library/Frameworks/OpenGL.framework/Versions/A/Libraries/libCVMSPluginSupport.dylib
0x000000000caf7000 	/System/Library/Frameworks/OpenGL.framework/Versions/A/Libraries/libCoreVMClient.dylib
0x000000000caf7000 	/usr/lib/libcups.2.dylib
0x000000000caf7000 	/System/Library/Frameworks/Kerberos.framework/Versions/A/Kerberos
0x000000000caf7000 	/System/Library/Frameworks/GSS.framework/Versions/A/GSS
0x000000000caf7000 	/usr/lib/libresolv.9.dylib
0x000000000caf7000 	/usr/lib/libiconv.2.dylib
0x000000000caf7000 	/System/Library/PrivateFrameworks/Heimdal.framework/Versions/A/Heimdal
0x000000000caf7000 	/usr/lib/libheimdal-asn1.dylib
0x000000000caf7000 	/System/Library/Frameworks/OpenDirectory.framework/Versions/A/OpenDirectory
0x000000000caf7000 	/System/Library/PrivateFrameworks/CommonAuth.framework/Versions/A/CommonAuth
0x000000000caf7000 	/System/Library/Frameworks/OpenDirectory.framework/Versions/A/Frameworks/CFOpenDirectory.framework/Versions/A/CFOpenDirectory
0x000000000caf7000 	/System/Library/Frameworks/SecurityFoundation.framework/Versions/A/SecurityFoundation
0x000000000caf7000 	/System/Library/PrivateFrameworks/APFS.framework/Versions/A/APFS
0x000000000caf7000 	/usr/lib/libutil.dylib
0x000000000caf7000 	/System/Library/PrivateFrameworks/AppleSauce.framework/Versions/A/AppleSauce
0x000000000caf7000 	/System/Library/PrivateFrameworks/LinguisticData.framework/Versions/A/LinguisticData
0x000000000caf7000 	/usr/lib/libmarisa.dylib
0x000000000caf7000 	/System/Library/PrivateFrameworks/Lexicon.framework/Versions/A/Lexicon
0x000000000caf7000 	/usr/lib/libChineseTokenizer.dylib
0x000000000caf7000 	/usr/lib/libcmph.dylib
0x000000000caf7000 	/System/Library/PrivateFrameworks/LanguageModeling.framework/Versions/A/LanguageModeling
0x000000000caf7000 	/System/Library/PrivateFrameworks/CoreEmoji.framework/Versions/A/CoreEmoji
0x000000000caf7000 	/System/Library/Frameworks/ServiceManagement.framework/Versions/A/ServiceManagement
0x000000000caf7000 	/System/Library/PrivateFrameworks/BackgroundTaskManagement.framework/Versions/A/BackgroundTaskManagement
0x000000000caf7000 	/usr/lib/libxslt.1.dylib
0x000000000caf7000 	/System/Library/Frameworks/Carbon.framework/Versions/A/Frameworks/Ink.framework/Versions/A/Ink
0x000000000caf7000 	/System/Library/PrivateFrameworks/TextureIO.framework/Versions/A/TextureIO
0x000000000caf7000 	/usr/lib/libate.dylib
0x000000000caf7000 	/System/Library/PrivateFrameworks/CrashReporterSupport.framework/Versions/A/CrashReporterSupport
0x000000000caf7000 	/System/Library/PrivateFrameworks/Sharing.framework/Versions/A/Sharing
0x000000000caf7000 	/System/Library/PrivateFrameworks/IconServices.framework/Versions/A/IconServices
0x000000000caf7000 	/System/Library/PrivateFrameworks/ProtocolBuffer.framework/Versions/A/ProtocolBuffer
0x000000000caf7000 	/System/Library/PrivateFrameworks/Apple80211.framework/Versions/A/Apple80211
0x000000000caf7000 	/System/Library/Frameworks/CoreWLAN.framework/Versions/A/CoreWLAN
0x000000000caf7000 	/System/Library/PrivateFrameworks/CoreUtils.framework/Versions/A/CoreUtils
0x000000000caf7000 	/System/Library/Frameworks/IOBluetooth.framework/Versions/A/IOBluetooth
0x000000000caf7000 	/System/Library/PrivateFrameworks/CoreWiFi.framework/Versions/A/CoreWiFi
0x000000000caf7000 	/System/Library/Frameworks/CoreBluetooth.framework/Versions/A/CoreBluetooth
0x000000000caf7000 	/System/Library/PrivateFrameworks/SignpostNotification.framework/Versions/A/SignpostNotification
0x000000000caf7000 	/System/Library/PrivateFrameworks/DebugSymbols.framework/Versions/A/DebugSymbols
0x000000000caf7000 	/System/Library/PrivateFrameworks/CoreSymbolication.framework/Versions/A/CoreSymbolication
0x000000000caf7000 	/System/Library/PrivateFrameworks/Symbolication.framework/Versions/A/Symbolication
0x000000000caf7000 	/System/Library/PrivateFrameworks/AppleFSCompression.framework/Versions/A/AppleFSCompression
0x000000000caf7000 	/System/Library/PrivateFrameworks/SpeechRecognitionCore.framework/Versions/A/SpeechRecognitionCore
0x000000010ea00000 	/Library/Java/JavaVirtualMachines/jdk1.8.0_144.jdk/Contents/Home/jre/lib/server/libjvm.dylib
0x000000000caf7000 	/usr/lib/libstdc++.6.0.9.dylib
0x000000010d929000 	/Library/Java/JavaVirtualMachines/jdk1.8.0_144.jdk/Contents/Home/jre/lib/libverify.dylib
0x000000010d937000 	/Library/Java/JavaVirtualMachines/jdk1.8.0_144.jdk/Contents/Home/jre/lib/libjava.dylib
0x000000010d9b6000 	/Library/Java/JavaVirtualMachines/jdk1.8.0_144.jdk/Contents/Home/jre/lib/libzip.dylib
0x000000000caf7000 	/System/Library/Frameworks/JavaVM.framework/Versions/A/Frameworks/JavaRuntimeSupport.framework/Versions/A/JavaRuntimeSupport
0x000000000caf7000 	/System/Library/Frameworks/JavaVM.framework/Versions/A/Frameworks/JavaNativeFoundation.framework/Versions/A/JavaNativeFoundation
0x000000000caf7000 	/System/Library/Frameworks/JavaVM.framework/Versions/A/JavaVM
0x000000000caf7000 	/System/Library/Frameworks/Carbon.framework/Versions/A/Carbon
0x000000000caf7000 	/System/Library/PrivateFrameworks/JavaLaunching.framework/Versions/A/JavaLaunching
0x000000000caf7000 	/System/Library/Frameworks/Carbon.framework/Versions/A/Frameworks/CommonPanels.framework/Versions/A/CommonPanels
0x000000000caf7000 	/System/Library/Frameworks/Carbon.framework/Versions/A/Frameworks/Help.framework/Versions/A/Help
0x000000000caf7000 	/System/Library/Frameworks/Carbon.framework/Versions/A/Frameworks/ImageCapture.framework/Versions/A/ImageCapture
0x000000000caf7000 	/System/Library/Frameworks/Carbon.framework/Versions/A/Frameworks/OpenScripting.framework/Versions/A/OpenScripting
0x000000000caf7000 	/System/Library/Frameworks/Carbon.framework/Versions/A/Frameworks/Print.framework/Versions/A/Print
0x000000000caf7000 	/System/Library/Frameworks/Carbon.framework/Versions/A/Frameworks/SecurityHI.framework/Versions/A/SecurityHI
0x000000011892f000 	/Library/Java/JavaVirtualMachines/jdk1.8.0_144.jdk/Contents/Home/jre/lib/libawt.dylib
0x00000001189d7000 	/Library/Java/JavaVirtualMachines/jdk1.8.0_144.jdk/Contents/Home/jre/lib/./libmlib_image.dylib
0x0000000118aa3000 	/Library/Java/JavaVirtualMachines/jdk1.8.0_144.jdk/Contents/Home/jre/lib/libawt_lwawt.dylib
0x0000000118b5a000 	/Library/Java/JavaVirtualMachines/jdk1.8.0_144.jdk/Contents/Home/jre/lib/./libosxapp.dylib
0x000000000caf7000 	/System/Library/Frameworks/ExceptionHandling.framework/Versions/A/ExceptionHandling
0x000000000caf7000 	/System/Library/PrivateFrameworks/CoreServicesInternal.framework/Versions/A/CoreServicesInternal
0x000000000caf7000 	/System/Library/CoreServices/RawCamera.bundle/Contents/MacOS/RawCamera
0x000000000caf7000 	/System/Library/PrivateFrameworks/MobileAsset.framework/Versions/A/MobileAsset
0x000000000caf7000 	/System/Library/PrivateFrameworks/StreamingZip.framework/Versions/A/StreamingZip
0x000000000caf7000 	/System/Library/Frameworks/MediaToolbox.framework/Versions/A/MediaToolbox
0x000000000caf7000 	/System/Library/PrivateFrameworks/CoreAVCHD.framework/Versions/A/CoreAVCHD
0x000000000caf7000 	/System/Library/Frameworks/MediaAccessibility.framework/Versions/A/MediaAccessibility
0x000000000caf7000 	/System/Library/PrivateFrameworks/Mangrove.framework/Versions/A/Mangrove
0x000000000caf7000 	/System/Library/Frameworks/CoreMedia.framework/Versions/A/CoreMedia
0x000000000caf7000 	/System/Library/Frameworks/VideoToolbox.framework/Versions/A/VideoToolbox
0x000000000caf7000 	/System/Library/PrivateFrameworks/CoreAUC.framework/Versions/A/CoreAUC
0x000000000caf7000 	/usr/lib/libspindump.dylib
0x000000000caf7000 	/usr/lib/libdscsym.dylib
0x000000000caf7000 	/System/Library/PrivateFrameworks/AppleVA.framework/Versions/A/AppleVA
0x000000000caf7000 	/System/Library/Frameworks/Accelerate.framework/Versions/A/Frameworks/vImage.framework/Versions/A/Libraries/libCGInterfaces.dylib
0x000000000caf7000 	/System/Library/Frameworks/ApplicationServices.framework/Versions/A/Frameworks/ATS.framework/Versions/A/Resources/libTrueTypeScaler.dylib
0x000000000caf7000 	/System/Library/Frameworks/OpenGL.framework/Versions/A/Resources/GLEngine.bundle/GLEngine
0x000000000caf7000 	/System/Library/Frameworks/OpenGL.framework/Versions/A/Libraries/libGLProgrammability.dylib
0x000000012a4a3000 	/System/Library/Extensions/AppleIntelHD4000GraphicsGLDriver.bundle/Contents/MacOS/AppleIntelHD4000GraphicsGLDriver
0x000000000caf7000 	/System/Library/PrivateFrameworks/GPUSupport.framework/Versions/A/Libraries/libGPUSupportMercury.dylib
0x000000000caf7000 	/System/Library/Extensions/GeForceGLDriver.bundle/Contents/MacOS/GeForceGLDriver
0x000000000caf7000 	/System/Library/Extensions/GeForceGLDriver.bundle/Contents/MacOS/libclh.dylib
0x000000000caf7000 	/System/Library/Frameworks/OpenGL.framework/Versions/A/Resources/GLRendererFloat.bundle/GLRendererFloat
0x000000000caf7000 	/System/Library/Frameworks/OpenCL.framework/Versions/A/Libraries/libcldcpuengine.dylib
0x000000000caf7000 	/usr/lib/libcrypto.35.dylib
0x000000000caf7000 	/System/Library/PrivateFrameworks/TrustEvaluationAgent.framework/Versions/A/TrustEvaluationAgent
0x000000000caf7000 	/System/Library/Extensions/AppleIntelHD4000GraphicsMTLDriver.bundle/Contents/MacOS/AppleIntelHD4000GraphicsMTLDriver
0x000000000caf7000 	/System/Library/Extensions/GeForceMTLDriver.bundle/Contents/MacOS/GeForceMTLDriver
0x000000000caf7000 	/System/Library/PrivateFrameworks/GPUCompiler.framework/Versions/3802/Libraries/libmetal_timestamp.dylib
0x000000000caf7000 	/System/Library/PrivateFrameworks/FamilyControls.framework/Versions/A/FamilyControls
0x000000000caf7000 	/System/Library/PrivateFrameworks/CommerceKit.framework/Versions/A/Frameworks/CommerceCore.framework/Versions/A/CommerceCore
0x000000000caf7000 	/System/Library/PrivateFrameworks/SystemAdministration.framework/Versions/A/SystemAdministration
0x000000000caf7000 	/System/Library/PrivateFrameworks/AppContainer.framework/Versions/A/AppContainer
0x000000000caf7000 	/System/Library/PrivateFrameworks/SecCodeWrapper.framework/Versions/A/SecCodeWrapper
0x000000000caf7000 	/System/Library/PrivateFrameworks/DiskManagement.framework/Versions/A/DiskManagement
0x000000000caf7000 	/System/Library/Frameworks/DirectoryService.framework/Versions/A/DirectoryService
0x000000000caf7000 	/System/Library/PrivateFrameworks/DiskImages.framework/Versions/A/DiskImages
0x000000000caf7000 	/System/Library/PrivateFrameworks/LoginUIKit.framework/Versions/A/Frameworks/LoginUICore.framework/Versions/A/LoginUICore
0x000000000caf7000 	/usr/lib/libCoreStorage.dylib
0x000000000caf7000 	/usr/lib/libcsfde.dylib
0x000000000caf7000 	/usr/lib/libodfde.dylib
0x000000000caf7000 	/System/Library/PrivateFrameworks/MediaKit.framework/Versions/A/MediaKit
0x000000000caf7000 	/System/Library/Frameworks/DiscRecording.framework/Versions/A/DiscRecording
0x000000000caf7000 	/System/Library/PrivateFrameworks/EFILogin.framework/Versions/A/EFILogin
0x000000000caf7000 	/System/Library/PrivateFrameworks/ProtectedCloudStorage.framework/Versions/A/ProtectedCloudStorage
0x000000000caf7000 	/usr/lib/libcurl.4.dylib
0x000000000caf7000 	/usr/lib/libssl.35.dylib
0x000000000caf7000 	/System/Library/Frameworks/LDAP.framework/Versions/A/LDAP
0x000000000caf7000 	/usr/lib/libsasl2.2.dylib
0x000000000caf7000 	/System/Library/PrivateFrameworks/CoreDaemon.framework/Versions/B/CoreDaemon
0x000000000caf7000 	/System/Library/PrivateFrameworks/AppleSRP.framework/Versions/A/AppleSRP
0x000000012b0a9000 	/Library/Java/JavaVirtualMachines/jdk1.8.0_144.jdk/Contents/Home/jre/lib/libfontmanager.dylib
0x000000012b110000 	/Users/SangreAzul37/Documents/NetBeans/Libraries/lwjgl-2.9.2/native/macosx/liblwjgl.dylib
0x0000000119ed4000 	/Library/Java/JavaVirtualMachines/jdk1.8.0_144.jdk/Contents/Home/jre/lib/libjawt.dylib
0x000000000caf7000 	/System/Library/PrivateFrameworks/ViewBridge.framework/Versions/A/ViewBridge

VM Arguments:
jvm_args: -Dfile.encoding=UTF-8 -Djava.library.path=/Users/SangreAzul37/Documents/NetBeans/Libraries/lwjgl-2.9.2/native/macosx/ 
java_command: checkone.CheckOne
java_class_path (initial): /Users/SangreAzul37/Documents/NetBeans/Libraries/lwjgl-2.9.2/jar/jinput.jar:/Users/SangreAzul37/Documents/NetBeans/Libraries/lwjgl-2.9.2/jar/lwjgl.jar:/Users/SangreAzul37/Documents/NetBeans/Libraries/lwjgl-2.9.2/jar/lwjgl_util.jar:/Users/SangreAzul37/Documents/NetBeans/Libraries/slick-util.jar:/Users/SangreAzul37/Documents/GitHub/VoxelEngine/FinalProgram/NetBeans Project/build/classes
Launcher Type: SUN_STANDARD

Environment Variables:
PATH=/usr/bin:/bin:/usr/sbin:/sbin
LD_LIBRARY_PATH=/Library/Java/JavaVirtualMachines/jdk1.8.0_144.jdk/Contents/Home/jre/lib/amd64:/Library/Java/JavaVirtualMachines/jdk1.8.0_144.jdk/Contents/Home/jre/lib/i386:
SHELL=/bin/bash

Signal Handlers:
SIGSEGV: [libjvm.dylib+0x5b26e5], sa_mask[0]=11111111011111110111111111111111, sa_flags=SA_ONSTACK|SA_RESTART|SA_SIGINFO
SIGBUS: [libjvm.dylib+0x5b26e5], sa_mask[0]=11111111011111110111111111111111, sa_flags=SA_RESTART|SA_SIGINFO
SIGFPE: [libjvm.dylib+0x489100], sa_mask[0]=11111111011111110111111111111111, sa_flags=SA_RESTART|SA_SIGINFO
SIGPIPE: [libjvm.dylib+0x489100], sa_mask[0]=11111111011111110111111111111111, sa_flags=SA_RESTART|SA_SIGINFO
SIGXFSZ: [libjvm.dylib+0x489100], sa_mask[0]=11111111011111110111111111111111, sa_flags=SA_RESTART|SA_SIGINFO
SIGILL: [libjvm.dylib+0x489100], sa_mask[0]=11111111011111110111111111111111, sa_flags=SA_RESTART|SA_SIGINFO
SIGUSR1: SIG_DFL, sa_mask[0]=00000000000000000000000000000000, sa_flags=none
SIGUSR2: [libjvm.dylib+0x488c1e], sa_mask[0]=00100000000000000000000000000000, sa_flags=SA_RESTART|SA_SIGINFO
SIGHUP: [libjvm.dylib+0x4871f5], sa_mask[0]=11111111011111110111111111111111, sa_flags=SA_RESTART|SA_SIGINFO
SIGINT: SIG_IGN, sa_mask[0]=00000000000000000000000000000000, sa_flags=none
SIGTERM: [libjvm.dylib+0x4871f5], sa_mask[0]=11111111011111110111111111111111, sa_flags=SA_RESTART|SA_SIGINFO
SIGQUIT: [libjvm.dylib+0x4871f5], sa_mask[0]=11111111011111110111111111111111, sa_flags=SA_RESTART|SA_SIGINFO


---------------  S Y S T E M  ---------------

OS:Bsduname:Darwin 17.2.0 Darwin Kernel Version 17.2.0: Fri Sep 29 18:27:05 PDT 2017; root:xnu-4570.20.62~3/RELEASE_X86_64 x86_64
rlimit: STACK 8192k, CORE 0k, NPROC 709, NOFILE 10240, AS infinity
load average:2.21 1.89 1.76

CPU:total 8 (initial active 8) (4 cores per cpu, 2 threads per core) family 6 model 58 stepping 9, cmov, cx8, fxsr, mmx, sse, sse2, sse3, ssse3, sse4.1, sse4.2, popcnt, avx, aes, clmul, erms, ht, tsc, tscinvbit, tscinv

Memory: 4k page, physical 8388608k(297684k free)

/proc/meminfo:


vm_info: Java HotSpot(TM) 64-Bit Server VM (25.144-b01) for bsd-amd64 JRE (1.8.0_144-b01), built on Jul 21 2017 22:07:42 by "java_re" with gcc 4.2.1 (Based on Apple Inc. build 5658) (LLVM build 2336.11.00)

time: Tue Nov 21 00:58:35 2017
elapsed time: 0 seconds (0d 0h 0m 0s)

